<?xml version="1.0" encoding="UTF-8"?>
<robot generator="Robot 3.1.2 (Python 3.7.3 on win32)" generated="20191223 16:14:16.406" rpa="false">
<suite id="s1" name="TestCases" source="C:\Users\Arezo\PycharmProjects\RobotAutomation\TestCases">
<kw name="Before each Test Suite" type="setup">
<kw name="Log" library="BuiltIn">
<doc>Logs the given message with the given level.</doc>
<arguments>
<arg>Test Suite Started</arg>
</arguments>
<msg timestamp="20191223 16:14:16.460" level="INFO">Test Suite Started</msg>
<status status="PASS" starttime="20191223 16:14:16.460" endtime="20191223 16:14:16.460"></status>
</kw>
<status status="PASS" starttime="20191223 16:14:16.459" endtime="20191223 16:14:16.460"></status>
</kw>
<suite id="s1-s1" name="TC 001" source="C:\Users\Arezo\PycharmProjects\RobotAutomation\TestCases\TC_001.robot">
<kw name="Before Each Test Suite" library="Resources" type="setup">
<kw name="Log" library="BuiltIn">
<doc>Logs the given message with the given level.</doc>
<arguments>
<arg>Before Eech Test Suite</arg>
</arguments>
<msg timestamp="20191223 16:14:16.691" level="INFO">Before Eech Test Suite</msg>
<status status="PASS" starttime="20191223 16:14:16.691" endtime="20191223 16:14:16.691"></status>
</kw>
<status status="PASS" starttime="20191223 16:14:16.691" endtime="20191223 16:14:16.691"></status>
</kw>
<test id="s1-s1-t1" name="TC_001 Browser Start and Close">
<kw name="Open Browser" library="SeleniumLibrary">
<doc>Opens a new browser instance to the optional ``url``.</doc>
<arguments>
<arg>${URL}</arg>
<arg>${Browser}</arg>
</arguments>
<msg timestamp="20191223 16:14:16.692" level="INFO">Opening browser 'Chrome' to base url 'http://www.thetestingworld.com/testings'.</msg>
<status status="PASS" starttime="20191223 16:14:16.692" endtime="20191223 16:14:40.606"></status>
</kw>
<kw name="Maximize Browser Window" library="SeleniumLibrary">
<doc>Maximizes current browser window.</doc>
<status status="PASS" starttime="20191223 16:14:40.608" endtime="20191223 16:14:41.750"></status>
</kw>
<kw name="Select Radio Button" library="SeleniumLibrary">
<doc>Sets the radio button group ``group_name`` to ``value``.</doc>
<arguments>
<arg>add_type</arg>
<arg>office</arg>
</arguments>
<msg timestamp="20191223 16:14:41.750" level="INFO">Selecting 'office' from radio button 'add_type'.</msg>
<status status="PASS" starttime="20191223 16:14:41.750" endtime="20191223 16:14:41.970"></status>
</kw>
<kw name="Select Checkbox" library="SeleniumLibrary">
<doc>Selects the checkbox identified by ``locator``.</doc>
<arguments>
<arg>name:terms</arg>
</arguments>
<msg timestamp="20191223 16:14:41.972" level="INFO">Selecting checkbox 'name:terms'.</msg>
<status status="PASS" starttime="20191223 16:14:41.971" endtime="20191223 16:14:42.231"></status>
</kw>
<kw name="Select From List By Index" library="SeleniumLibrary">
<doc>Selects options from selection list ``locator`` by ``indexes``.</doc>
<arguments>
<arg>name:sex</arg>
<arg>2</arg>
</arguments>
<msg timestamp="20191223 16:14:42.233" level="INFO">Selecting options from selection list 'name:sex' by index 2.</msg>
<status status="PASS" starttime="20191223 16:14:42.233" endtime="20191223 16:14:42.499"></status>
</kw>
<kw name="Select From List By Value" library="SeleniumLibrary">
<doc>Selects options from selection list ``locator`` by ``values``.</doc>
<arguments>
<arg>name:sex</arg>
<arg>1</arg>
</arguments>
<msg timestamp="20191223 16:14:42.502" level="INFO">Selecting options from selection list 'name:sex' by value 1.</msg>
<status status="PASS" starttime="20191223 16:14:42.501" endtime="20191223 16:14:42.701"></status>
</kw>
<kw name="Select From List By Label" library="SeleniumLibrary">
<doc>Selects options from selection list ``locator`` by ``labels``.</doc>
<arguments>
<arg>name:sex</arg>
<arg>Female</arg>
</arguments>
<msg timestamp="20191223 16:14:42.703" level="INFO">Selecting options from selection list 'name:sex' by label Female.</msg>
<status status="PASS" starttime="20191223 16:14:42.703" endtime="20191223 16:14:42.878"></status>
</kw>
<kw name="Click Button" library="SeleniumLibrary">
<doc>Clicks the button identified by ``locator``.</doc>
<arguments>
<arg>xpath://input[@type='submit']</arg>
</arguments>
<msg timestamp="20191223 16:14:42.881" level="INFO">Clicking button 'xpath://input[@type='submit']'.</msg>
<status status="PASS" starttime="20191223 16:14:42.881" endtime="20191223 16:14:43.130"></status>
</kw>
<kw name="Enter Username Password Email">
<arguments>
<arg>testing</arg>
<arg>are@gmail.com</arg>
<arg>123456</arg>
</arguments>
<kw name="Input Text" library="SeleniumLibrary">
<doc>Types the given ``text`` into the text field identified by ``locator``.</doc>
<arguments>
<arg>name:fld_username</arg>
<arg>${username}</arg>
</arguments>
<msg timestamp="20191223 16:14:43.135" level="INFO">Typing text 'testing' into text field 'name:fld_username'.</msg>
<status status="PASS" starttime="20191223 16:14:43.134" endtime="20191223 16:14:43.291"></status>
</kw>
<kw name="Input Text" library="SeleniumLibrary">
<doc>Types the given ``text`` into the text field identified by ``locator``.</doc>
<arguments>
<arg>xpath://input[@name='fld_email']</arg>
<arg>${email}</arg>
</arguments>
<msg timestamp="20191223 16:14:43.292" level="INFO">Typing text 'are@gmail.com' into text field 'xpath://input[@name='fld_email']'.</msg>
<status status="PASS" starttime="20191223 16:14:43.291" endtime="20191223 16:14:43.474"></status>
</kw>
<kw name="Input Text" library="SeleniumLibrary">
<doc>Types the given ``text`` into the text field identified by ``locator``.</doc>
<arguments>
<arg>name:fld_password</arg>
<arg>${password}</arg>
</arguments>
<msg timestamp="20191223 16:14:43.475" level="INFO">Typing text '123456' into text field 'name:fld_password'.</msg>
<status status="PASS" starttime="20191223 16:14:43.475" endtime="20191223 16:14:43.691"></status>
</kw>
<status status="PASS" starttime="20191223 16:14:43.132" endtime="20191223 16:14:43.691"></status>
</kw>
<doc>This test case is to check registration functionality of application</doc>
<status status="PASS" starttime="20191223 16:14:16.691" endtime="20191223 16:14:43.693" critical="yes"></status>
</test>
<kw name="After Each Test Suite" library="Resources" type="teardown">
<kw name="Log" library="BuiltIn">
<doc>Logs the given message with the given level.</doc>
<arguments>
<arg>After Each Test Suite</arg>
</arguments>
<msg timestamp="20191223 16:14:43.701" level="INFO">After Each Test Suite</msg>
<status status="PASS" starttime="20191223 16:14:43.701" endtime="20191223 16:14:43.701"></status>
</kw>
<status status="PASS" starttime="20191223 16:14:43.700" endtime="20191223 16:14:43.701"></status>
</kw>
<status status="PASS" starttime="20191223 16:14:16.460" endtime="20191223 16:14:43.701"></status>
</suite>
<suite id="s1-s2" name="TC 002" source="C:\Users\Arezo\PycharmProjects\RobotAutomation\TestCases\TC_002.robot">
<test id="s1-s2-t1" name="TC_002">
<kw name="Start Browser and Maximize" library="Resources">
<doc>This keword is for start browser and miximize window</doc>
<arguments>
<arg>http://www.thetestingworld.com/testings</arg>
<arg>Chrome</arg>
</arguments>
<assign>
<var>${Res}</var>
</assign>
<kw name="Open Browser" library="SeleniumLibrary">
<doc>Opens a new browser instance to the optional ``url``.</doc>
<arguments>
<arg>${UserURL}</arg>
<arg>${InputBrowser}</arg>
</arguments>
<msg timestamp="20191223 16:14:43.734" level="INFO">Opening browser 'Chrome' to base url 'http://www.thetestingworld.com/testings'.</msg>
<status status="PASS" starttime="20191223 16:14:43.733" endtime="20191223 16:14:48.014"></status>
</kw>
<kw name="Maximize Browser Window" library="SeleniumLibrary">
<doc>Maximizes current browser window.</doc>
<status status="PASS" starttime="20191223 16:14:48.016" endtime="20191223 16:14:49.178"></status>
</kw>
<kw name="Get Title" library="SeleniumLibrary">
<doc>Returns the title of the current page.</doc>
<assign>
<var>${Title}</var>
</assign>
<msg timestamp="20191223 16:14:49.185" level="INFO">${Title} = Login &amp; Sign Up Forms</msg>
<status status="PASS" starttime="20191223 16:14:49.179" endtime="20191223 16:14:49.187"></status>
</kw>
<msg timestamp="20191223 16:14:49.187" level="INFO">${Res} = None</msg>
<status status="PASS" starttime="20191223 16:14:43.729" endtime="20191223 16:14:49.187"></status>
</kw>
<kw name="Log" library="BuiltIn">
<doc>Logs the given message with the given level.</doc>
<arguments>
<arg>${Res}</arg>
</arguments>
<msg timestamp="20191223 16:14:49.188" level="INFO">None</msg>
<status status="PASS" starttime="20191223 16:14:49.188" endtime="20191223 16:14:49.188"></status>
</kw>
<kw name="Input Text" library="SeleniumLibrary">
<doc>Types the given ``text`` into the text field identified by ``locator``.</doc>
<arguments>
<arg>name:fld_username</arg>
<arg>${Res}</arg>
</arguments>
<kw name="Capture Page Screenshot" library="SeleniumLibrary">
<doc>Takes a screenshot of the current page and embeds it into a log file.</doc>
<msg timestamp="20191223 16:14:49.998" level="INFO" html="yes">&lt;/td&gt;&lt;/tr&gt;&lt;tr&gt;&lt;td colspan="3"&gt;&lt;a href="selenium-screenshot-2.png"&gt;&lt;img src="selenium-screenshot-2.png" width="800px"&gt;&lt;/a&gt;</msg>
<status status="PASS" starttime="20191223 16:14:49.250" endtime="20191223 16:14:49.998"></status>
</kw>
<msg timestamp="20191223 16:14:49.189" level="INFO">Typing text 'None' into text field 'name:fld_username'.</msg>
<msg timestamp="20191223 16:14:50.003" level="FAIL">TypeError: object of type 'NoneType' has no len()</msg>
<status status="FAIL" starttime="20191223 16:14:49.189" endtime="20191223 16:14:50.003"></status>
</kw>
<doc>This test case is for cheking browser</doc>
<timeout value="2 minutes 50 seconds"></timeout>
<status status="FAIL" starttime="20191223 16:14:43.727" endtime="20191223 16:14:50.004" critical="yes">TypeError: object of type 'NoneType' has no len()</status>
</test>
<doc>This File having testcase of testing functionality</doc>
<status status="FAIL" starttime="20191223 16:14:43.714" endtime="20191223 16:14:50.008"></status>
</suite>
<suite id="s1-s3" name="TC 003" source="C:\Users\Arezo\PycharmProjects\RobotAutomation\TestCases\TC_003.robot">
<test id="s1-s3-t1" name="TC_003">
<kw name="Start Browser and Maximize" library="Resources" type="setup">
<doc>This keword is for start browser and miximize window</doc>
<msg timestamp="20191223 16:14:50.024" level="FAIL">Keyword 'Resources.Start Browser and Maximize' expected 2 arguments, got 0.</msg>
<status status="FAIL" starttime="20191223 16:14:50.024" endtime="20191223 16:14:50.024"></status>
</kw>
<kw name="Close Browser Window" library="Resources" type="teardown">
<kw name="Get Title" library="SeleniumLibrary">
<doc>Returns the title of the current page.</doc>
<assign>
<var>${Title}</var>
</assign>
<msg timestamp="20191223 16:14:50.037" level="INFO">${Title} = Login &amp; Sign Up Forms</msg>
<status status="PASS" starttime="20191223 16:14:50.025" endtime="20191223 16:14:50.037"></status>
</kw>
<kw name="Log" library="BuiltIn">
<doc>Logs the given message with the given level.</doc>
<arguments>
<arg>${Title}</arg>
</arguments>
<msg timestamp="20191223 16:14:50.037" level="INFO">Login &amp; Sign Up Forms</msg>
<status status="PASS" starttime="20191223 16:14:50.037" endtime="20191223 16:14:50.037"></status>
</kw>
<kw name="Close Browser" library="SeleniumLibrary">
<doc>Closes the current browser.</doc>
<status status="PASS" starttime="20191223 16:14:50.037" endtime="20191223 16:14:52.304"></status>
</kw>
<status status="PASS" starttime="20191223 16:14:50.025" endtime="20191223 16:14:52.304"></status>
</kw>
<status status="FAIL" starttime="20191223 16:14:50.023" endtime="20191223 16:14:52.304" critical="yes">Setup failed:
Keyword 'Resources.Start Browser and Maximize' expected 2 arguments, got 0.</status>
</test>
<test id="s1-s3-t2" name="TC_003_01">
<kw name="Start Browser and Maximize" library="Resources" type="setup">
<doc>This keword is for start browser and miximize window</doc>
<msg timestamp="20191223 16:14:52.313" level="FAIL">Keyword 'Resources.Start Browser and Maximize' expected 2 arguments, got 0.</msg>
<status status="FAIL" starttime="20191223 16:14:52.313" endtime="20191223 16:14:52.313"></status>
</kw>
<kw name="Close Browser Window" library="Resources" type="teardown">
<kw name="Get Title" library="SeleniumLibrary">
<doc>Returns the title of the current page.</doc>
<assign>
<var>${Title}</var>
</assign>
<kw name="Capture Page Screenshot" library="SeleniumLibrary">
<doc>Takes a screenshot of the current page and embeds it into a log file.</doc>
<msg timestamp="20191223 16:14:52.319" level="INFO">Cannot capture screenshot because no browser is open.</msg>
<status status="PASS" starttime="20191223 16:14:52.318" endtime="20191223 16:14:52.319"></status>
</kw>
<msg timestamp="20191223 16:14:52.319" level="INFO">${Title} = None</msg>
<msg timestamp="20191223 16:14:52.319" level="FAIL">No browser is open.</msg>
<status status="FAIL" starttime="20191223 16:14:52.313" endtime="20191223 16:14:52.319"></status>
</kw>
<kw name="Log" library="BuiltIn">
<doc>Logs the given message with the given level.</doc>
<arguments>
<arg>${Title}</arg>
</arguments>
<msg timestamp="20191223 16:14:52.319" level="INFO">None</msg>
<status status="PASS" starttime="20191223 16:14:52.319" endtime="20191223 16:14:52.319"></status>
</kw>
<kw name="Close Browser" library="SeleniumLibrary">
<doc>Closes the current browser.</doc>
<status status="PASS" starttime="20191223 16:14:52.319" endtime="20191223 16:14:52.319"></status>
</kw>
<status status="FAIL" starttime="20191223 16:14:52.313" endtime="20191223 16:14:52.319">No browser is open.</status>
</kw>
<status status="FAIL" starttime="20191223 16:14:52.312" endtime="20191223 16:14:52.319" critical="yes">Setup failed:
Keyword 'Resources.Start Browser and Maximize' expected 2 arguments, got 0.

Also teardown failed:
No browser is open.</status>
</test>
<doc>This File having testcase of testing functionality</doc>
<status status="FAIL" starttime="20191223 16:14:50.012" endtime="20191223 16:14:52.341"></status>
</suite>
<kw name="After each Test Suite" type="teardown">
<kw name="Log" library="BuiltIn">
<doc>Logs the given message with the given level.</doc>
<arguments>
<arg>Test Suite Ended</arg>
</arguments>
<msg timestamp="20191223 16:14:52.350" level="INFO">Test Suite Ended</msg>
<status status="PASS" starttime="20191223 16:14:52.350" endtime="20191223 16:14:52.352"></status>
</kw>
<status status="PASS" starttime="20191223 16:14:52.349" endtime="20191223 16:14:52.352"></status>
</kw>
<status status="FAIL" starttime="20191223 16:14:16.407" endtime="20191223 16:14:52.352"></status>
</suite>
<statistics>
<total>
<stat pass="1" fail="3">Critical Tests</stat>
<stat pass="1" fail="3">All Tests</stat>
</total>
<tag>
</tag>
<suite>
<stat pass="1" fail="3" id="s1" name="TestCases">TestCases</stat>
<stat pass="1" fail="0" id="s1-s1" name="TC 001">TestCases.TC 001</stat>
<stat pass="0" fail="1" id="s1-s2" name="TC 002">TestCases.TC 002</stat>
<stat pass="0" fail="2" id="s1-s3" name="TC 003">TestCases.TC 003</stat>
</suite>
</statistics>
<errors>
<msg timestamp="20191223 16:14:16.398" level="WARN">Error in file 'C:\Users\Arezo\PycharmProjects\RobotAutomation\TestCases\TC_002.robot': Invalid syntax in test case 'TC_002': Using custom timeout messages is deprecated since Robot Framework 3.0.1 and will be removed in future versions. Message that was used is 'Failed to Execute First Test Case'.</msg>
</errors>
</robot>
