<?xml version="1.0" encoding="UTF-8"?>
<robot generator="Robot 3.1.2 (Python 3.7.3 on win32)" generated="20191223 21:55:42.684" rpa="false">
<suite id="s1" name="TC 006 json" source="C:\Users\Arezo\PycharmProjects\RobotAutomation\TestCases\TC_006_json.robot">
<test id="s1-t1" name="First json locator test">
<kw name="Open Browser" library="SeleniumLibrary">
<doc>Opens a new browser instance to the optional ``url``.</doc>
<arguments>
<arg>${Url}</arg>
<arg>${Browser}</arg>
</arguments>
<msg timestamp="20191223 21:55:42.879" level="INFO">Opening browser 'Chrome' to base url 'http://www.thetestingworld.com/testings'.</msg>
<status status="PASS" starttime="20191223 21:55:42.878" endtime="20191223 21:55:47.302"></status>
</kw>
<kw name="Read Element Locator">
<arguments>
<arg>Registration.username_textbox_name</arg>
</arguments>
<assign>
<var>${username}</var>
</assign>
<kw name="Read Locator From Json" library="Locators">
<arguments>
<arg>${JsonPath}</arg>
</arguments>
<assign>
<var>${result}</var>
</assign>
<msg timestamp="20191223 21:55:47.307" level="INFO">${result} = fld_username</msg>
<status status="PASS" starttime="20191223 21:55:47.305" endtime="20191223 21:55:47.307"></status>
</kw>
<msg timestamp="20191223 21:55:47.307" level="INFO">${username} = fld_username</msg>
<status status="PASS" starttime="20191223 21:55:47.304" endtime="20191223 21:55:47.307"></status>
</kw>
<kw name="Input Text" library="SeleniumLibrary">
<doc>Types the given ``text`` into the text field identified by ``locator``.</doc>
<arguments>
<arg>name:${username}</arg>
<arg>testing</arg>
</arguments>
<msg timestamp="20191223 21:55:47.311" level="INFO">Typing text 'testing' into text field 'name:fld_username'.</msg>
<status status="PASS" starttime="20191223 21:55:47.307" endtime="20191223 21:55:47.653"></status>
</kw>
<status status="PASS" starttime="20191223 21:55:42.878" endtime="20191223 21:55:47.654" critical="yes"></status>
</test>
<status status="PASS" starttime="20191223 21:55:42.689" endtime="20191223 21:55:47.661"></status>
</suite>
<statistics>
<total>
<stat pass="1" fail="0">Critical Tests</stat>
<stat pass="1" fail="0">All Tests</stat>
</total>
<tag>
</tag>
<suite>
<stat pass="1" fail="0" id="s1" name="TC 006 json">TC 006 json</stat>
</suite>
</statistics>
<errors>
</errors>
</robot>
